<?xml version="1.0" encoding="UTF-8"?>
<!-- Generated by org.testng.reporters.JUnitReportReporter -->
<testsuite skipped="0" hostname="OWCALW104SCN" name="com.dstillery.qa.testcases.SearchPageTest" tests="4" failures="0" timestamp="22 Apr 2019 01:19:56 GMT" time="65.833" errors="0">
  <testcase name="VerifySearchPageTitleTest" time="7.006" classname="com.dstillery.qa.testcases.SearchPageTest"/>
  <testcase name="VerifyDogSearchResultspageAppearance" time="19.684" classname="com.dstillery.qa.testcases.SearchPageTest"/>
  <testcase name="VerifyCatSearchresultspageAppearance" time="19.192" classname="com.dstillery.qa.testcases.SearchPageTest"/>
  <testcase name="VerifyBirdSearchresultspageAppearance" time="19.951" classname="com.dstillery.qa.testcases.SearchPageTest"/>
</testsuite> <!-- com.dstillery.qa.testcases.SearchPageTest -->
