<?xml version="1.0" encoding="UTF-8"?>
<!-- Generated by org.testng.reporters.JUnitReportReporter -->
<testsuite skipped="0" hostname="OWCALW104SCN" name="Exercise_3_File_Download.DownloadFile" tests="1" failures="0" timestamp="21 Apr 2019 13:47:25 GMT" time="15.621" errors="0">
  <testcase name="downloadFileTest" time="15.621" classname="Exercise_3_File_Download.DownloadFile"/>
</testsuite> <!-- Exercise_3_File_Download.DownloadFile -->
