<?xml version="1.0" encoding="UTF-8"?>
<!-- Generated by org.testng.reporters.JUnitReportReporter -->
<testsuite skipped="0" hostname="OWCALW104SCN" name="Exercise_3_File_Download.VerifyDownloadTaxonomyButton" tests="1" failures="0" timestamp="22 Apr 2019 01:19:56 GMT" time="15.728" errors="0">
  <testcase name="VerifyDownloadTaxonomyButton" time="15.728" classname="Exercise_3_File_Download.VerifyDownloadTaxonomyButton"/>
</testsuite> <!-- Exercise_3_File_Download.VerifyDownloadTaxonomyButton -->
