<?xml version="1.0" encoding="UTF-8"?>
<!-- Generated by org.testng.reporters.JUnitReportReporter -->
<testsuite skipped="0" hostname="OWCALW104SCN" name="com.dstillery.qa.testcases.SearchResultsPageTest" tests="15" failures="0" timestamp="22 Apr 2019 01:19:56 GMT" time="281.771" errors="0">
  <testcase name="VerifyDogResultsetSize" time="16.364" classname="com.dstillery.qa.testcases.SearchResultsPageTest"/>
  <testcase name="VerifyDogResultsHeadingtext" time="16.161" classname="com.dstillery.qa.testcases.SearchResultsPageTest"/>
  <testcase name="VerifyDogResultssetlinksTexts" time="19.058" classname="com.dstillery.qa.testcases.SearchResultsPageTest"/>
  <testcase name="VerifyDogLoversLinkText" time="19.315" classname="com.dstillery.qa.testcases.SearchResultsPageTest"/>
  <testcase name="VerifyDogLoversLink" time="22.382" classname="com.dstillery.qa.testcases.SearchResultsPageTest"/>
  <testcase name="VerifyCatResultsetSize" time="16.764" classname="com.dstillery.qa.testcases.SearchResultsPageTest"/>
  <testcase name="VerifyCatResultsHeadingtext" time="16.234" classname="com.dstillery.qa.testcases.SearchResultsPageTest"/>
  <testcase name="VerifyCatLoversLinkText" time="19.503" classname="com.dstillery.qa.testcases.SearchResultsPageTest"/>
  <testcase name="VerifyCatLoversLink" time="22.187" classname="com.dstillery.qa.testcases.SearchResultsPageTest"/>
  <testcase name="VerifyCatResultssetlinksTexts" time="19.410" classname="com.dstillery.qa.testcases.SearchResultsPageTest"/>
  <testcase name="VerifyBirdResultsetSize" time="16.649" classname="com.dstillery.qa.testcases.SearchResultsPageTest"/>
  <testcase name="VerifyBirdResultsHeadingtext" time="16.281" classname="com.dstillery.qa.testcases.SearchResultsPageTest"/>
  <testcase name="VerifyBirdWatchingLinkText" time="19.739" classname="com.dstillery.qa.testcases.SearchResultsPageTest"/>
  <testcase name="VerifyBirdLoversLink" time="22.523" classname="com.dstillery.qa.testcases.SearchResultsPageTest"/>
  <testcase name="VerifyBirdResultssetlinksTexts" time="19.201" classname="com.dstillery.qa.testcases.SearchResultsPageTest"/>
</testsuite> <!-- com.dstillery.qa.testcases.SearchResultsPageTest -->
