<?xml version="1.0" encoding="UTF-8"?>
<!-- Generated by org.testng.reporters.JUnitReportReporter -->
<testsuite skipped="0" hostname="OWCALW104SCN" name="com.dstillery.qa.testcases.AudienceDetailsPageTest" tests="3" failures="0" timestamp="22 Apr 2019 01:19:56 GMT" time="67.519" errors="0">
  <testcase name="verifyDogLoversAudienceLabel" time="22.344" classname="com.dstillery.qa.testcases.AudienceDetailsPageTest"/>
  <testcase name="verifyCatLoversAudienceLabel" time="22.954" classname="com.dstillery.qa.testcases.AudienceDetailsPageTest"/>
  <testcase name="verifyBirdWatchingAudienceLabel" time="22.221" classname="com.dstillery.qa.testcases.AudienceDetailsPageTest"/>
</testsuite> <!-- com.dstillery.qa.testcases.AudienceDetailsPageTest -->
